[12:12:00] I/launcher - Running 1 instances of WebDriver
[12:12:00] I/direct - Using ChromeDriver directly...
Started
[33m*[0m[33m*[0m[33m*[0m[33m*[0mToBeTruthy matched
-------------------------------
ToBeFalsy matched
-------------------------------
ToContain matched
-------------------------------
ToBeGreaterThan matched
-------------------------------
ToBeLessThan matched
-------------------------------
[32m.[0m

Pending:

1) Jasmine Checkpoint and Assertion Validation Checking toEqual() method
  [33mTemporarily disabled with xit[0m


2) Jasmine Checkpoint and Assertion Validation Checking toBe() method
  [33mTemporarily disabled with xit[0m


3) Jasmine Checkpoint and Assertion Validation Checking NotToEqual() method
  [33mTemporarily disabled with xit[0m


4) Jasmine Checkpoint and Assertion Validation Checking NotToBe() method
  [33mTemporarily disabled with xit[0m

5 specs, 0 failures, 4 pending specs
Finished in 1.474 seconds

[12:12:04] I/launcher - 0 instance(s) of WebDriver still running
[12:12:04] I/launcher - chrome #01 passed
